mode: set
github.com/mohashari/catalyst-test/service/product.go:20.42,21.20 1 1
github.com/mohashari/catalyst-test/service/product.go:24.2,24.18 1 1
github.com/mohashari/catalyst-test/service/product.go:27.2,27.18 1 1
github.com/mohashari/catalyst-test/service/product.go:30.2,30.21 1 1
github.com/mohashari/catalyst-test/service/product.go:33.2,33.12 1 1
github.com/mohashari/catalyst-test/service/product.go:21.20,23.3 1 0
github.com/mohashari/catalyst-test/service/product.go:24.18,26.3 1 0
github.com/mohashari/catalyst-test/service/product.go:27.18,29.3 1 0
github.com/mohashari/catalyst-test/service/product.go:30.21,32.3 1 1
github.com/mohashari/catalyst-test/service/product.go:36.110,37.36 1 1
github.com/mohashari/catalyst-test/service/product.go:42.2,43.16 2 1
github.com/mohashari/catalyst-test/service/product.go:48.2,55.16 2 1
github.com/mohashari/catalyst-test/service/product.go:60.2,63.8 1 1
github.com/mohashari/catalyst-test/service/product.go:37.36,40.3 2 1
github.com/mohashari/catalyst-test/service/product.go:43.16,46.3 2 1
github.com/mohashari/catalyst-test/service/product.go:55.16,58.3 2 0
github.com/mohashari/catalyst-test/service/product.go:66.99,67.13 1 1
github.com/mohashari/catalyst-test/service/product.go:73.2,74.16 2 1
github.com/mohashari/catalyst-test/service/product.go:79.2,80.16 2 1
github.com/mohashari/catalyst-test/service/product.go:84.2,89.8 2 1
github.com/mohashari/catalyst-test/service/product.go:67.13,71.3 3 0
github.com/mohashari/catalyst-test/service/product.go:74.16,77.3 2 1
github.com/mohashari/catalyst-test/service/product.go:80.16,83.3 2 0
github.com/mohashari/catalyst-test/service/product.go:92.104,94.13 1 1
github.com/mohashari/catalyst-test/service/product.go:100.2,101.16 2 1
github.com/mohashari/catalyst-test/service/product.go:106.2,109.8 1 1
github.com/mohashari/catalyst-test/service/product.go:94.13,98.3 3 0
github.com/mohashari/catalyst-test/service/product.go:101.16,104.3 2 1
github.com/mohashari/catalyst-test/service/service.go:27.54,31.2 1 0
github.com/mohashari/catalyst-test/service/brand.go:17.38,18.18 1 1
github.com/mohashari/catalyst-test/service/brand.go:21.2,21.12 1 1
github.com/mohashari/catalyst-test/service/brand.go:18.18,20.3 1 0
github.com/mohashari/catalyst-test/service/brand.go:24.104,26.36 1 1
github.com/mohashari/catalyst-test/service/brand.go:31.2,35.16 2 1
github.com/mohashari/catalyst-test/service/brand.go:39.2,42.8 1 1
github.com/mohashari/catalyst-test/service/brand.go:26.36,29.3 2 0
github.com/mohashari/catalyst-test/service/brand.go:35.16,37.3 1 0
github.com/mohashari/catalyst-test/service/order.go:24.64,26.2 1 1
github.com/mohashari/catalyst-test/service/order.go:29.38,30.23 1 1
github.com/mohashari/catalyst-test/service/order.go:33.2,33.31 1 1
github.com/mohashari/catalyst-test/service/order.go:45.2,45.12 1 1
github.com/mohashari/catalyst-test/service/order.go:30.23,32.3 1 0
github.com/mohashari/catalyst-test/service/order.go:33.31,35.3 1 0
github.com/mohashari/catalyst-test/service/order.go:35.8,36.48 1 1
github.com/mohashari/catalyst-test/service/order.go:36.48,37.35 1 1
github.com/mohashari/catalyst-test/service/order.go:40.4,40.34 1 1
github.com/mohashari/catalyst-test/service/order.go:37.35,39.5 1 0
github.com/mohashari/catalyst-test/service/order.go:40.34,42.5 1 0
github.com/mohashari/catalyst-test/service/order.go:48.104,50.36 1 1
github.com/mohashari/catalyst-test/service/order.go:54.2,57.16 3 1
github.com/mohashari/catalyst-test/service/order.go:61.2,63.47 2 1
github.com/mohashari/catalyst-test/service/order.go:78.2,87.16 3 1
github.com/mohashari/catalyst-test/service/order.go:92.2,95.8 1 1
github.com/mohashari/catalyst-test/service/order.go:50.36,53.3 2 0
github.com/mohashari/catalyst-test/service/order.go:57.16,60.3 2 1
github.com/mohashari/catalyst-test/service/order.go:63.47,65.17 2 1
github.com/mohashari/catalyst-test/service/order.go:69.3,75.39 3 1
github.com/mohashari/catalyst-test/service/order.go:65.17,68.4 2 1
github.com/mohashari/catalyst-test/service/order.go:87.16,90.3 2 0
github.com/mohashari/catalyst-test/repository/postgres/product.go:16.90,28.26 4 1
github.com/mohashari/catalyst-test/repository/postgres/product.go:31.2,31.16 1 1
github.com/mohashari/catalyst-test/repository/postgres/product.go:28.26,30.3 1 1
github.com/mohashari/catalyst-test/repository/postgres/product.go:34.93,46.16 4 1
github.com/mohashari/catalyst-test/repository/postgres/product.go:49.2,49.21 1 1
github.com/mohashari/catalyst-test/repository/postgres/product.go:46.16,48.3 1 1
github.com/mohashari/catalyst-test/repository/postgres/product.go:52.101,60.16 5 1
github.com/mohashari/catalyst-test/repository/postgres/product.go:64.2,64.18 1 1
github.com/mohashari/catalyst-test/repository/postgres/product.go:80.2,80.22 1 1
github.com/mohashari/catalyst-test/repository/postgres/product.go:60.16,62.3 1 1
github.com/mohashari/catalyst-test/repository/postgres/product.go:64.18,73.17 2 1
github.com/mohashari/catalyst-test/repository/postgres/product.go:77.3,77.39 1 1
github.com/mohashari/catalyst-test/repository/postgres/product.go:73.17,75.4 1 0
github.com/mohashari/catalyst-test/repository/postgres/brand.go:16.86,21.79 4 1
github.com/mohashari/catalyst-test/repository/postgres/brand.go:24.2,24.16 1 1
github.com/mohashari/catalyst-test/repository/postgres/brand.go:21.79,23.3 1 1
github.com/mohashari/catalyst-test/repository/postgres/brand.go:27.87,36.16 4 1
github.com/mohashari/catalyst-test/repository/postgres/brand.go:39.2,39.19 1 1
github.com/mohashari/catalyst-test/repository/postgres/brand.go:36.16,38.3 1 1
github.com/mohashari/catalyst-test/repository/postgres/customer.go:16.96,26.16 4 1
github.com/mohashari/catalyst-test/repository/postgres/customer.go:29.2,29.22 1 1
github.com/mohashari/catalyst-test/repository/postgres/customer.go:26.16,28.3 1 1
github.com/mohashari/catalyst-test/repository/postgres/database.go:30.64,34.16 3 0
github.com/mohashari/catalyst-test/repository/postgres/database.go:37.2,59.8 4 0
github.com/mohashari/catalyst-test/repository/postgres/database.go:34.16,36.3 1 0
github.com/mohashari/catalyst-test/repository/postgres/database.go:63.34,64.17 1 0
github.com/mohashari/catalyst-test/repository/postgres/database.go:70.2,70.12 1 0
github.com/mohashari/catalyst-test/repository/postgres/database.go:64.17,65.38 1 0
github.com/mohashari/catalyst-test/repository/postgres/database.go:68.3,68.13 1 0
github.com/mohashari/catalyst-test/repository/postgres/database.go:65.38,67.4 1 0
github.com/mohashari/catalyst-test/repository/postgres/order.go:16.86,24.16 6 1
github.com/mohashari/catalyst-test/repository/postgres/order.go:28.2,34.39 1 1
github.com/mohashari/catalyst-test/repository/postgres/order.go:39.2,39.49 1 1
github.com/mohashari/catalyst-test/repository/postgres/order.go:56.2,57.16 2 1
github.com/mohashari/catalyst-test/repository/postgres/order.go:24.16,26.3 1 0
github.com/mohashari/catalyst-test/repository/postgres/order.go:34.39,37.3 2 0
github.com/mohashari/catalyst-test/repository/postgres/order.go:39.49,50.17 3 1
github.com/mohashari/catalyst-test/repository/postgres/order.go:50.17,53.4 2 0
github.com/mohashari/catalyst-test/repository/postgres/order.go:60.87,71.16 4 1
github.com/mohashari/catalyst-test/repository/postgres/order.go:74.2,74.19 1 1
github.com/mohashari/catalyst-test/repository/postgres/order.go:71.16,73.3 1 1
github.com/mohashari/catalyst-test/repository/postgres/order_detail.go:16.94,28.16 5 1
github.com/mohashari/catalyst-test/repository/postgres/order_detail.go:31.2,31.12 1 1
github.com/mohashari/catalyst-test/repository/postgres/order_detail.go:28.16,30.3 1 1
github.com/mohashari/catalyst-test/repository/postgres/order_detail.go:34.110,41.16 5 1
github.com/mohashari/catalyst-test/repository/postgres/order_detail.go:44.2,46.18 2 1
github.com/mohashari/catalyst-test/repository/postgres/order_detail.go:58.2,58.19 1 1
github.com/mohashari/catalyst-test/repository/postgres/order_detail.go:41.16,43.3 1 1
github.com/mohashari/catalyst-test/repository/postgres/order_detail.go:46.18,53.17 1 1
github.com/mohashari/catalyst-test/repository/postgres/order_detail.go:53.17,55.4 1 0
